2021-05-16 17:10:38.189  INFO 9220 --- [main] c.e.demo.IntelligentManagerApplication   : Starting IntelligentManagerApplication using Java 14.0.2 on DESKTOP-CIV0KT9 with PID 9220 (C:\Projects\javaweb\IntelligentManager\target\classes started by wr568 in C:\Projects\javaweb\IntelligentManager)
2021-05-16 17:10:38.195  INFO 9220 --- [main] c.e.demo.IntelligentManagerApplication   : No active profile set, falling back to default profiles: default
2021-05-16 17:10:38.748  INFO 9220 --- [main] .s.d.r.c.RepositoryConfigurationDelegate : Multiple Spring Data modules found, entering strict repository configuration mode!
2021-05-16 17:10:38.751  INFO 9220 --- [main] .s.d.r.c.RepositoryConfigurationDelegate : Bootstrapping Spring Data Redis repositories in DEFAULT mode.
2021-05-16 17:10:38.775  INFO 9220 --- [main] .s.d.r.c.RepositoryConfigurationDelegate : Finished Spring Data repository scanning in 10 ms. Found 0 Redis repository interfaces.
2021-05-16 17:10:39.383  INFO 9220 --- [main] o.s.b.w.embedded.tomcat.TomcatWebServer  : Tomcat initialized with port(s): 8080 (http)
2021-05-16 17:10:39.395  INFO 9220 --- [main] o.apache.catalina.core.StandardService   : Starting service [Tomcat]
2021-05-16 17:10:39.396  INFO 9220 --- [main] org.apache.catalina.core.StandardEngine  : Starting Servlet engine: [Apache Tomcat/9.0.43]
2021-05-16 17:10:39.397  INFO 9220 --- [main] o.a.catalina.core.AprLifecycleListener   : Loaded Apache Tomcat Native library [1.2.25] using APR version [1.7.0].
2021-05-16 17:10:39.397  INFO 9220 --- [main] o.a.catalina.core.AprLifecycleListener   : APR capabilities: IPv6 [true], sendfile [true], accept filters [false], random [true].
2021-05-16 17:10:39.397  INFO 9220 --- [main] o.a.catalina.core.AprLifecycleListener   : APR/OpenSSL configuration: useAprConnector [false], useOpenSSL [true]
2021-05-16 17:10:39.413  INFO 9220 --- [main] o.a.catalina.core.AprLifecycleListener   : OpenSSL successfully initialized [OpenSSL 1.1.1g  21 Apr 2020]
2021-05-16 17:10:39.487  INFO 9220 --- [main] o.a.c.c.C.[Tomcat].[localhost].[/]       : Initializing Spring embedded WebApplicationContext
2021-05-16 17:10:39.487  INFO 9220 --- [main] w.s.c.ServletWebServerApplicationContext : Root WebApplicationContext: initialization completed in 1244 ms
2021-05-16 17:10:40.211  INFO 9220 --- [main] o.s.s.concurrent.ThreadPoolTaskExecutor  : Initializing ExecutorService 'applicationTaskExecutor'
2021-05-16 17:10:40.301  INFO 9220 --- [main] o.s.b.a.w.s.WelcomePageHandlerMapping    : Adding welcome page: class path resource [static/index.html]
2021-05-16 17:10:40.517  INFO 9220 --- [main] o.s.b.w.embedded.tomcat.TomcatWebServer  : Tomcat started on port(s): 8080 (http) with context path ''
2021-05-16 17:10:40.527  INFO 9220 --- [main] c.e.demo.IntelligentManagerApplication   : Started IntelligentManagerApplication in 2.667 seconds (JVM running for 3.349)
2021-05-16 17:10:45.617  INFO 9220 --- [http-nio-8080-exec-1] o.a.c.c.C.[Tomcat].[localhost].[/]       : Initializing Spring DispatcherServlet 'dispatcherServlet'
2021-05-16 17:10:45.619  INFO 9220 --- [http-nio-8080-exec-1] o.s.web.servlet.DispatcherServlet        : Initializing Servlet 'dispatcherServlet'
2021-05-16 17:10:45.619  INFO 9220 --- [http-nio-8080-exec-1] o.s.web.servlet.DispatcherServlet        : Completed initialization in 0 ms
2021-05-16 17:10:50.485  INFO 9220 --- [http-nio-8080-exec-7] com.zaxxer.hikari.HikariDataSource       : HikariPool-1 - Starting...
2021-05-16 17:10:50.867  INFO 9220 --- [http-nio-8080-exec-7] com.zaxxer.hikari.HikariDataSource       : HikariPool-1 - Start completed.
2021-05-16 17:10:50.876 DEBUG 9220 --- [http-nio-8080-exec-7] c.e.d.mapper.UserMapper.getUserByName    : ==>  Preparing: select * from user where username=? 
2021-05-16 17:10:50.916 DEBUG 9220 --- [http-nio-8080-exec-7] c.e.d.mapper.UserMapper.getUserByName    : ==> Parameters: user123(String)
2021-05-16 17:10:50.971 DEBUG 9220 --- [http-nio-8080-exec-7] c.e.d.mapper.UserMapper.getUserByName    : <==      Total: 1
2021-05-16 17:10:51.940 DEBUG 9220 --- [http-nio-8080-exec-10] c.e.d.m.F.selectFactoryPage_COUNT        : ==>  Preparing: SELECT count(0) FROM factory WHERE client_id = ? 
2021-05-16 17:10:51.940 DEBUG 9220 --- [http-nio-8080-exec-9] c.e.d.m.D.getAllDevices_COUNT            : ==>  Preparing: SELECT count(0) FROM bishe.device_manage WHERE client_id = ? 
2021-05-16 17:10:51.941 DEBUG 9220 --- [http-nio-8080-exec-10] c.e.d.m.F.selectFactoryPage_COUNT        : ==> Parameters: 3(Integer)
2021-05-16 17:10:51.941 DEBUG 9220 --- [http-nio-8080-exec-9] c.e.d.m.D.getAllDevices_COUNT            : ==> Parameters: 3(Integer)
2021-05-16 17:10:51.951 DEBUG 9220 --- [http-nio-8080-exec-10] c.e.d.m.F.selectFactoryPage_COUNT        : <==      Total: 1
2021-05-16 17:10:51.954 DEBUG 9220 --- [http-nio-8080-exec-10] c.e.d.m.FactoryMapper.selectFactoryPage  : ==>  Preparing: select * from factory where client_id=? LIMIT ? 
2021-05-16 17:10:51.954 DEBUG 9220 --- [http-nio-8080-exec-10] c.e.d.m.FactoryMapper.selectFactoryPage  : ==> Parameters: 3(Integer), 5(Integer)
2021-05-16 17:10:51.956 DEBUG 9220 --- [http-nio-8080-exec-10] c.e.d.m.FactoryMapper.selectFactoryPage  : <==      Total: 5
2021-05-16 17:10:51.957 DEBUG 9220 --- [http-nio-8080-exec-9] c.e.d.m.D.getAllDevices_COUNT            : <==      Total: 1
2021-05-16 17:10:51.958 DEBUG 9220 --- [http-nio-8080-exec-9] c.e.d.mapper.DeviceMapper.getAllDevices  : ==>  Preparing: select * from bishe.device_manage where client_id=? LIMIT ? 
2021-05-16 17:10:51.958 DEBUG 9220 --- [http-nio-8080-exec-9] c.e.d.mapper.DeviceMapper.getAllDevices  : ==> Parameters: 3(Integer), 3(Integer)
2021-05-16 17:10:51.961 DEBUG 9220 --- [http-nio-8080-exec-9] c.e.d.mapper.DeviceMapper.getAllDevices  : <==      Total: 3
2021-05-16 17:10:57.349  WARN 9220 --- [http-nio-8080-exec-9] .w.s.m.s.DefaultHandlerExceptionResolver : Resolved [org.springframework.http.converter.HttpMessageNotReadableException: JSON parse error: Cannot deserialize instance of `int` out of VALUE_FALSE token; nested exception is com.fasterxml.jackson.databind.exc.MismatchedInputException: Cannot deserialize instance of `int` out of VALUE_FALSE token
 at [Source: (PushbackInputStream); line: 1, column: 41] (through reference chain: com.example.demo.pojo.PageRequest["selectIndex"])]
2021-05-16 17:11:21.094  INFO 9220 --- [RMI TCP Connection(4)-127.0.0.1] inMXBeanRegistrar$SpringApplicationAdmin : Application shutdown requested.
2021-05-16 17:11:21.118  INFO 9220 --- [RMI TCP Connection(4)-127.0.0.1] o.s.s.concurrent.ThreadPoolTaskExecutor  : Shutting down ExecutorService 'applicationTaskExecutor'
2021-05-16 17:11:21.246  INFO 9220 --- [RMI TCP Connection(4)-127.0.0.1] com.zaxxer.hikari.HikariDataSource       : HikariPool-1 - Shutdown initiated...
2021-05-16 17:11:21.252  INFO 9220 --- [RMI TCP Connection(4)-127.0.0.1] com.zaxxer.hikari.HikariDataSource       : HikariPool-1 - Shutdown completed.
2021-05-16 17:12:31.334  INFO 512 --- [main] c.e.demo.IntelligentManagerApplication   : Starting IntelligentManagerApplication using Java 14.0.2 on DESKTOP-CIV0KT9 with PID 512 (C:\Projects\javaweb\IntelligentManager\target\classes started by wr568 in C:\Projects\javaweb\IntelligentManager)
2021-05-16 17:12:31.337  INFO 512 --- [main] c.e.demo.IntelligentManagerApplication   : No active profile set, falling back to default profiles: default
2021-05-16 17:12:31.821  INFO 512 --- [main] .s.d.r.c.RepositoryConfigurationDelegate : Multiple Spring Data modules found, entering strict repository configuration mode!
2021-05-16 17:12:31.823  INFO 512 --- [main] .s.d.r.c.RepositoryConfigurationDelegate : Bootstrapping Spring Data Redis repositories in DEFAULT mode.
2021-05-16 17:12:31.843  INFO 512 --- [main] .s.d.r.c.RepositoryConfigurationDelegate : Finished Spring Data repository scanning in 9 ms. Found 0 Redis repository interfaces.
2021-05-16 17:12:32.336  INFO 512 --- [main] o.s.b.w.embedded.tomcat.TomcatWebServer  : Tomcat initialized with port(s): 8080 (http)
2021-05-16 17:12:32.345  INFO 512 --- [main] o.apache.catalina.core.StandardService   : Starting service [Tomcat]
2021-05-16 17:12:32.346  INFO 512 --- [main] org.apache.catalina.core.StandardEngine  : Starting Servlet engine: [Apache Tomcat/9.0.43]
2021-05-16 17:12:32.347  INFO 512 --- [main] o.a.catalina.core.AprLifecycleListener   : Loaded Apache Tomcat Native library [1.2.25] using APR version [1.7.0].
2021-05-16 17:12:32.347  INFO 512 --- [main] o.a.catalina.core.AprLifecycleListener   : APR capabilities: IPv6 [true], sendfile [true], accept filters [false], random [true].
2021-05-16 17:12:32.347  INFO 512 --- [main] o.a.catalina.core.AprLifecycleListener   : APR/OpenSSL configuration: useAprConnector [false], useOpenSSL [true]
2021-05-16 17:12:32.349  INFO 512 --- [main] o.a.catalina.core.AprLifecycleListener   : OpenSSL successfully initialized [OpenSSL 1.1.1g  21 Apr 2020]
2021-05-16 17:12:32.416  INFO 512 --- [main] o.a.c.c.C.[Tomcat].[localhost].[/]       : Initializing Spring embedded WebApplicationContext
2021-05-16 17:12:32.416  INFO 512 --- [main] w.s.c.ServletWebServerApplicationContext : Root WebApplicationContext: initialization completed in 1042 ms
2021-05-16 17:12:33.056  INFO 512 --- [main] o.s.s.concurrent.ThreadPoolTaskExecutor  : Initializing ExecutorService 'applicationTaskExecutor'
2021-05-16 17:12:33.124  INFO 512 --- [main] o.s.b.a.w.s.WelcomePageHandlerMapping    : Adding welcome page: class path resource [static/index.html]
2021-05-16 17:12:33.316  INFO 512 --- [main] o.s.b.w.embedded.tomcat.TomcatWebServer  : Tomcat started on port(s): 8080 (http) with context path ''
2021-05-16 17:12:33.326  INFO 512 --- [main] c.e.demo.IntelligentManagerApplication   : Started IntelligentManagerApplication in 2.273 seconds (JVM running for 2.829)
2021-05-16 17:12:39.487  INFO 512 --- [http-nio-8080-exec-1] o.a.c.c.C.[Tomcat].[localhost].[/]       : Initializing Spring DispatcherServlet 'dispatcherServlet'
2021-05-16 17:12:39.487  INFO 512 --- [http-nio-8080-exec-1] o.s.web.servlet.DispatcherServlet        : Initializing Servlet 'dispatcherServlet'
2021-05-16 17:12:39.489  INFO 512 --- [http-nio-8080-exec-1] o.s.web.servlet.DispatcherServlet        : Completed initialization in 1 ms
2021-05-16 17:12:41.787  INFO 512 --- [http-nio-8080-exec-2] com.zaxxer.hikari.HikariDataSource       : HikariPool-1 - Starting...
2021-05-16 17:12:42.092  INFO 512 --- [http-nio-8080-exec-2] com.zaxxer.hikari.HikariDataSource       : HikariPool-1 - Start completed.
2021-05-16 17:12:42.098 DEBUG 512 --- [http-nio-8080-exec-2] c.e.d.mapper.UserMapper.getUserByName    : ==>  Preparing: select * from user where username=? 
2021-05-16 17:12:42.121 DEBUG 512 --- [http-nio-8080-exec-2] c.e.d.mapper.UserMapper.getUserByName    : ==> Parameters: user123(String)
2021-05-16 17:12:42.141 DEBUG 512 --- [http-nio-8080-exec-2] c.e.d.mapper.UserMapper.getUserByName    : <==      Total: 1
2021-05-16 17:12:43.011 DEBUG 512 --- [http-nio-8080-exec-6] c.e.d.m.F.selectFactoryPage_COUNT        : ==>  Preparing: SELECT count(0) FROM factory WHERE client_id = ? 
2021-05-16 17:12:43.012 DEBUG 512 --- [http-nio-8080-exec-6] c.e.d.m.F.selectFactoryPage_COUNT        : ==> Parameters: 3(Integer)
2021-05-16 17:12:43.013 DEBUG 512 --- [http-nio-8080-exec-6] c.e.d.m.F.selectFactoryPage_COUNT        : <==      Total: 1
2021-05-16 17:12:43.014 DEBUG 512 --- [http-nio-8080-exec-6] c.e.d.m.FactoryMapper.selectFactoryPage  : ==>  Preparing: select * from factory where client_id=? LIMIT ? 
2021-05-16 17:12:43.015 DEBUG 512 --- [http-nio-8080-exec-6] c.e.d.m.FactoryMapper.selectFactoryPage  : ==> Parameters: 3(Integer), 5(Integer)
2021-05-16 17:12:43.017 DEBUG 512 --- [http-nio-8080-exec-6] c.e.d.m.FactoryMapper.selectFactoryPage  : <==      Total: 5
2021-05-16 17:12:44.836 DEBUG 512 --- [http-nio-8080-exec-10] c.e.d.m.D.getDeviceByFacIdOnPage_COUNT   : ==>  Preparing: SELECT count(0) FROM bishe.device_manage WHERE fac_id = ? 
2021-05-16 17:12:44.837 DEBUG 512 --- [http-nio-8080-exec-10] c.e.d.m.D.getDeviceByFacIdOnPage_COUNT   : ==> Parameters: 1(Integer)
2021-05-16 17:12:44.839 DEBUG 512 --- [http-nio-8080-exec-10] c.e.d.m.D.getDeviceByFacIdOnPage_COUNT   : <==      Total: 1
2021-05-16 17:12:44.840 DEBUG 512 --- [http-nio-8080-exec-10] c.e.d.m.D.getDeviceByFacIdOnPage         : ==>  Preparing: select * from bishe.device_manage where fac_id=? LIMIT ? 
2021-05-16 17:12:44.841 DEBUG 512 --- [http-nio-8080-exec-10] c.e.d.m.D.getDeviceByFacIdOnPage         : ==> Parameters: 1(Integer), 3(Integer)
2021-05-16 17:12:44.844 DEBUG 512 --- [http-nio-8080-exec-10] c.e.d.m.D.getDeviceByFacIdOnPage         : <==      Total: 2
2021-05-16 17:13:08.741  INFO 512 --- [RMI TCP Connection(4)-127.0.0.1] inMXBeanRegistrar$SpringApplicationAdmin : Application shutdown requested.
2021-05-16 17:13:08.766  INFO 512 --- [RMI TCP Connection(4)-127.0.0.1] o.s.s.concurrent.ThreadPoolTaskExecutor  : Shutting down ExecutorService 'applicationTaskExecutor'
2021-05-16 17:13:08.895  INFO 512 --- [RMI TCP Connection(4)-127.0.0.1] com.zaxxer.hikari.HikariDataSource       : HikariPool-1 - Shutdown initiated...
2021-05-16 17:13:08.906  INFO 512 --- [RMI TCP Connection(4)-127.0.0.1] com.zaxxer.hikari.HikariDataSource       : HikariPool-1 - Shutdown completed.
2021-05-16 17:13:44.807  INFO 1624 --- [main] c.e.demo.IntelligentManagerApplication   : Starting IntelligentManagerApplication using Java 14.0.2 on DESKTOP-CIV0KT9 with PID 1624 (C:\Projects\javaweb\IntelligentManager\target\classes started by wr568 in C:\Projects\javaweb\IntelligentManager)
2021-05-16 17:13:44.809  INFO 1624 --- [main] c.e.demo.IntelligentManagerApplication   : No active profile set, falling back to default profiles: default
2021-05-16 17:13:45.317  INFO 1624 --- [main] .s.d.r.c.RepositoryConfigurationDelegate : Multiple Spring Data modules found, entering strict repository configuration mode!
2021-05-16 17:13:45.320  INFO 1624 --- [main] .s.d.r.c.RepositoryConfigurationDelegate : Bootstrapping Spring Data Redis repositories in DEFAULT mode.
2021-05-16 17:13:45.339  INFO 1624 --- [main] .s.d.r.c.RepositoryConfigurationDelegate : Finished Spring Data repository scanning in 9 ms. Found 0 Redis repository interfaces.
2021-05-16 17:13:45.832  INFO 1624 --- [main] o.s.b.w.embedded.tomcat.TomcatWebServer  : Tomcat initialized with port(s): 8080 (http)
2021-05-16 17:13:45.842  INFO 1624 --- [main] o.apache.catalina.core.StandardService   : Starting service [Tomcat]
2021-05-16 17:13:45.842  INFO 1624 --- [main] org.apache.catalina.core.StandardEngine  : Starting Servlet engine: [Apache Tomcat/9.0.43]
2021-05-16 17:13:45.843  INFO 1624 --- [main] o.a.catalina.core.AprLifecycleListener   : Loaded Apache Tomcat Native library [1.2.25] using APR version [1.7.0].
2021-05-16 17:13:45.843  INFO 1624 --- [main] o.a.catalina.core.AprLifecycleListener   : APR capabilities: IPv6 [true], sendfile [true], accept filters [false], random [true].
2021-05-16 17:13:45.843  INFO 1624 --- [main] o.a.catalina.core.AprLifecycleListener   : APR/OpenSSL configuration: useAprConnector [false], useOpenSSL [true]
2021-05-16 17:13:45.845  INFO 1624 --- [main] o.a.catalina.core.AprLifecycleListener   : OpenSSL successfully initialized [OpenSSL 1.1.1g  21 Apr 2020]
2021-05-16 17:13:45.913  INFO 1624 --- [main] o.a.c.c.C.[Tomcat].[localhost].[/]       : Initializing Spring embedded WebApplicationContext
2021-05-16 17:13:45.914  INFO 1624 --- [main] w.s.c.ServletWebServerApplicationContext : Root WebApplicationContext: initialization completed in 1064 ms
2021-05-16 17:13:46.538  INFO 1624 --- [main] o.s.s.concurrent.ThreadPoolTaskExecutor  : Initializing ExecutorService 'applicationTaskExecutor'
2021-05-16 17:13:46.609  INFO 1624 --- [main] o.s.b.a.w.s.WelcomePageHandlerMapping    : Adding welcome page: class path resource [static/index.html]
2021-05-16 17:13:46.801  INFO 1624 --- [main] o.s.b.w.embedded.tomcat.TomcatWebServer  : Tomcat started on port(s): 8080 (http) with context path ''
2021-05-16 17:13:46.811  INFO 1624 --- [main] c.e.demo.IntelligentManagerApplication   : Started IntelligentManagerApplication in 2.319 seconds (JVM running for 2.915)
2021-05-16 17:13:52.836  INFO 1624 --- [http-nio-8080-exec-1] o.a.c.c.C.[Tomcat].[localhost].[/]       : Initializing Spring DispatcherServlet 'dispatcherServlet'
2021-05-16 17:13:52.838  INFO 1624 --- [http-nio-8080-exec-1] o.s.web.servlet.DispatcherServlet        : Initializing Servlet 'dispatcherServlet'
2021-05-16 17:13:52.840  INFO 1624 --- [http-nio-8080-exec-1] o.s.web.servlet.DispatcherServlet        : Completed initialization in 2 ms
2021-05-16 17:13:55.611  INFO 1624 --- [http-nio-8080-exec-2] com.zaxxer.hikari.HikariDataSource       : HikariPool-1 - Starting...
2021-05-16 17:13:55.929  INFO 1624 --- [http-nio-8080-exec-2] com.zaxxer.hikari.HikariDataSource       : HikariPool-1 - Start completed.
2021-05-16 17:13:55.936 DEBUG 1624 --- [http-nio-8080-exec-2] c.e.d.mapper.UserMapper.getUserByName    : ==>  Preparing: select * from user where username=? 
2021-05-16 17:13:55.962 DEBUG 1624 --- [http-nio-8080-exec-2] c.e.d.mapper.UserMapper.getUserByName    : ==> Parameters: user123(String)
2021-05-16 17:13:55.986 DEBUG 1624 --- [http-nio-8080-exec-2] c.e.d.mapper.UserMapper.getUserByName    : <==      Total: 1
2021-05-16 17:13:56.897 DEBUG 1624 --- [http-nio-8080-exec-5] c.e.d.m.F.selectFactoryPage_COUNT        : ==>  Preparing: SELECT count(0) FROM factory WHERE client_id = ? 
2021-05-16 17:13:56.898 DEBUG 1624 --- [http-nio-8080-exec-5] c.e.d.m.F.selectFactoryPage_COUNT        : ==> Parameters: 3(Integer)
2021-05-16 17:13:56.900 DEBUG 1624 --- [http-nio-8080-exec-5] c.e.d.m.F.selectFactoryPage_COUNT        : <==      Total: 1
2021-05-16 17:13:56.901 DEBUG 1624 --- [http-nio-8080-exec-5] c.e.d.m.FactoryMapper.selectFactoryPage  : ==>  Preparing: select * from factory where client_id=? LIMIT ? 
2021-05-16 17:13:56.902 DEBUG 1624 --- [http-nio-8080-exec-5] c.e.d.m.FactoryMapper.selectFactoryPage  : ==> Parameters: 3(Integer), 5(Integer)
2021-05-16 17:13:56.904 DEBUG 1624 --- [http-nio-8080-exec-5] c.e.d.m.FactoryMapper.selectFactoryPage  : <==      Total: 5
2021-05-16 17:13:58.417 DEBUG 1624 --- [http-nio-8080-exec-8] c.e.d.m.D.getDeviceByFacIdOnPage_COUNT   : ==>  Preparing: SELECT count(0) FROM bishe.device_manage WHERE fac_id = ? 
2021-05-16 17:13:58.417 DEBUG 1624 --- [http-nio-8080-exec-8] c.e.d.m.D.getDeviceByFacIdOnPage_COUNT   : ==> Parameters: 1(Integer)
2021-05-16 17:13:58.419 DEBUG 1624 --- [http-nio-8080-exec-8] c.e.d.m.D.getDeviceByFacIdOnPage_COUNT   : <==      Total: 1
2021-05-16 17:13:58.420 DEBUG 1624 --- [http-nio-8080-exec-8] c.e.d.m.D.getDeviceByFacIdOnPage         : ==>  Preparing: select * from bishe.device_manage where fac_id=? LIMIT ? 
2021-05-16 17:13:58.420 DEBUG 1624 --- [http-nio-8080-exec-8] c.e.d.m.D.getDeviceByFacIdOnPage         : ==> Parameters: 1(Integer), 3(Integer)
2021-05-16 17:13:58.423 DEBUG 1624 --- [http-nio-8080-exec-8] c.e.d.m.D.getDeviceByFacIdOnPage         : <==      Total: 2
2021-05-16 17:14:21.672  INFO 1624 --- [RMI TCP Connection(3)-127.0.0.1] inMXBeanRegistrar$SpringApplicationAdmin : Application shutdown requested.
2021-05-16 17:14:21.698  INFO 1624 --- [RMI TCP Connection(3)-127.0.0.1] o.s.s.concurrent.ThreadPoolTaskExecutor  : Shutting down ExecutorService 'applicationTaskExecutor'
2021-05-16 17:14:21.819  INFO 1624 --- [RMI TCP Connection(3)-127.0.0.1] com.zaxxer.hikari.HikariDataSource       : HikariPool-1 - Shutdown initiated...
2021-05-16 17:14:21.825  INFO 1624 --- [RMI TCP Connection(3)-127.0.0.1] com.zaxxer.hikari.HikariDataSource       : HikariPool-1 - Shutdown completed.
2021-05-16 17:14:35.851  INFO 3920 --- [main] c.e.demo.IntelligentManagerApplication   : Starting IntelligentManagerApplication using Java 14.0.2 on DESKTOP-CIV0KT9 with PID 3920 (C:\Projects\javaweb\IntelligentManager\target\classes started by wr568 in C:\Projects\javaweb\IntelligentManager)
2021-05-16 17:14:35.854  INFO 3920 --- [main] c.e.demo.IntelligentManagerApplication   : No active profile set, falling back to default profiles: default
2021-05-16 17:14:36.321  INFO 3920 --- [main] .s.d.r.c.RepositoryConfigurationDelegate : Multiple Spring Data modules found, entering strict repository configuration mode!
2021-05-16 17:14:36.324  INFO 3920 --- [main] .s.d.r.c.RepositoryConfigurationDelegate : Bootstrapping Spring Data Redis repositories in DEFAULT mode.
2021-05-16 17:14:36.345  INFO 3920 --- [main] .s.d.r.c.RepositoryConfigurationDelegate : Finished Spring Data repository scanning in 10 ms. Found 0 Redis repository interfaces.
2021-05-16 17:14:36.805  INFO 3920 --- [main] o.s.b.w.embedded.tomcat.TomcatWebServer  : Tomcat initialized with port(s): 8080 (http)
2021-05-16 17:14:36.815  INFO 3920 --- [main] o.apache.catalina.core.StandardService   : Starting service [Tomcat]
2021-05-16 17:14:36.815  INFO 3920 --- [main] org.apache.catalina.core.StandardEngine  : Starting Servlet engine: [Apache Tomcat/9.0.43]
2021-05-16 17:14:36.816  INFO 3920 --- [main] o.a.catalina.core.AprLifecycleListener   : Loaded Apache Tomcat Native library [1.2.25] using APR version [1.7.0].
2021-05-16 17:14:36.818  INFO 3920 --- [main] o.a.catalina.core.AprLifecycleListener   : APR capabilities: IPv6 [true], sendfile [true], accept filters [false], random [true].
2021-05-16 17:14:36.818  INFO 3920 --- [main] o.a.catalina.core.AprLifecycleListener   : APR/OpenSSL configuration: useAprConnector [false], useOpenSSL [true]
2021-05-16 17:14:36.820  INFO 3920 --- [main] o.a.catalina.core.AprLifecycleListener   : OpenSSL successfully initialized [OpenSSL 1.1.1g  21 Apr 2020]
2021-05-16 17:14:36.883  INFO 3920 --- [main] o.a.c.c.C.[Tomcat].[localhost].[/]       : Initializing Spring embedded WebApplicationContext
2021-05-16 17:14:36.884  INFO 3920 --- [main] w.s.c.ServletWebServerApplicationContext : Root WebApplicationContext: initialization completed in 993 ms
2021-05-16 17:14:37.469  INFO 3920 --- [main] o.s.s.concurrent.ThreadPoolTaskExecutor  : Initializing ExecutorService 'applicationTaskExecutor'
2021-05-16 17:14:37.541  INFO 3920 --- [main] o.s.b.a.w.s.WelcomePageHandlerMapping    : Adding welcome page: class path resource [static/index.html]
2021-05-16 17:14:37.735  INFO 3920 --- [main] o.s.b.w.embedded.tomcat.TomcatWebServer  : Tomcat started on port(s): 8080 (http) with context path ''
2021-05-16 17:14:37.745  INFO 3920 --- [main] c.e.demo.IntelligentManagerApplication   : Started IntelligentManagerApplication in 2.179 seconds (JVM running for 2.744)
2021-05-16 17:14:41.536  INFO 3920 --- [http-nio-8080-exec-1] o.a.c.c.C.[Tomcat].[localhost].[/]       : Initializing Spring DispatcherServlet 'dispatcherServlet'
2021-05-16 17:14:41.537  INFO 3920 --- [http-nio-8080-exec-1] o.s.web.servlet.DispatcherServlet        : Initializing Servlet 'dispatcherServlet'
2021-05-16 17:14:41.539  INFO 3920 --- [http-nio-8080-exec-1] o.s.web.servlet.DispatcherServlet        : Completed initialization in 1 ms
2021-05-16 17:14:43.952  INFO 3920 --- [http-nio-8080-exec-5] com.zaxxer.hikari.HikariDataSource       : HikariPool-1 - Starting...
2021-05-16 17:14:44.287  INFO 3920 --- [http-nio-8080-exec-5] com.zaxxer.hikari.HikariDataSource       : HikariPool-1 - Start completed.
2021-05-16 17:14:44.294 DEBUG 3920 --- [http-nio-8080-exec-5] c.e.d.mapper.UserMapper.getUserByName    : ==>  Preparing: select * from user where username=? 
2021-05-16 17:14:44.317 DEBUG 3920 --- [http-nio-8080-exec-5] c.e.d.mapper.UserMapper.getUserByName    : ==> Parameters: user123(String)
2021-05-16 17:14:44.338 DEBUG 3920 --- [http-nio-8080-exec-5] c.e.d.mapper.UserMapper.getUserByName    : <==      Total: 1
2021-05-16 17:14:45.269 DEBUG 3920 --- [http-nio-8080-exec-6] c.e.d.m.F.selectFactoryPage_COUNT        : ==>  Preparing: SELECT count(0) FROM factory WHERE client_id = ? 
2021-05-16 17:14:45.269 DEBUG 3920 --- [http-nio-8080-exec-6] c.e.d.m.F.selectFactoryPage_COUNT        : ==> Parameters: 3(Integer)
2021-05-16 17:14:45.271 DEBUG 3920 --- [http-nio-8080-exec-6] c.e.d.m.F.selectFactoryPage_COUNT        : <==      Total: 1
2021-05-16 17:14:45.272 DEBUG 3920 --- [http-nio-8080-exec-6] c.e.d.m.FactoryMapper.selectFactoryPage  : ==>  Preparing: select * from factory where client_id=? LIMIT ? 
2021-05-16 17:14:45.273 DEBUG 3920 --- [http-nio-8080-exec-6] c.e.d.m.FactoryMapper.selectFactoryPage  : ==> Parameters: 3(Integer), 5(Integer)
2021-05-16 17:14:45.275 DEBUG 3920 --- [http-nio-8080-exec-6] c.e.d.m.FactoryMapper.selectFactoryPage  : <==      Total: 5
2021-05-16 17:14:47.065 DEBUG 3920 --- [http-nio-8080-exec-9] c.e.d.m.D.getDeviceByFacIdOnPage_COUNT   : ==>  Preparing: SELECT count(0) FROM bishe.device_manage WHERE fac_id = ? 
2021-05-16 17:14:47.066 DEBUG 3920 --- [http-nio-8080-exec-9] c.e.d.m.D.getDeviceByFacIdOnPage_COUNT   : ==> Parameters: 1(Integer)
2021-05-16 17:14:47.068 DEBUG 3920 --- [http-nio-8080-exec-9] c.e.d.m.D.getDeviceByFacIdOnPage_COUNT   : <==      Total: 1
2021-05-16 17:14:47.068 DEBUG 3920 --- [http-nio-8080-exec-9] c.e.d.m.D.getDeviceByFacIdOnPage         : ==>  Preparing: select * from bishe.device_manage where fac_id=? LIMIT ? 
2021-05-16 17:14:47.069 DEBUG 3920 --- [http-nio-8080-exec-9] c.e.d.m.D.getDeviceByFacIdOnPage         : ==> Parameters: 1(Integer), 3(Integer)
2021-05-16 17:14:47.071 DEBUG 3920 --- [http-nio-8080-exec-9] c.e.d.m.D.getDeviceByFacIdOnPage         : <==      Total: 2
2021-05-16 17:16:54.717 DEBUG 3920 --- [http-nio-8080-exec-10] c.e.d.mapper.UserMapper.getUserByName    : ==>  Preparing: select * from user where username=? 
2021-05-16 17:16:54.718 DEBUG 3920 --- [http-nio-8080-exec-10] c.e.d.mapper.UserMapper.getUserByName    : ==> Parameters: user123(String)
2021-05-16 17:16:54.720 DEBUG 3920 --- [http-nio-8080-exec-10] c.e.d.mapper.UserMapper.getUserByName    : <==      Total: 1
2021-05-16 17:16:55.399 DEBUG 3920 --- [http-nio-8080-exec-2] c.e.d.m.F.selectFactoryPage_COUNT        : ==>  Preparing: SELECT count(0) FROM factory WHERE client_id = ? 
2021-05-16 17:16:55.400 DEBUG 3920 --- [http-nio-8080-exec-2] c.e.d.m.F.selectFactoryPage_COUNT        : ==> Parameters: 3(Integer)
2021-05-16 17:16:55.401 DEBUG 3920 --- [http-nio-8080-exec-2] c.e.d.m.F.selectFactoryPage_COUNT        : <==      Total: 1
2021-05-16 17:16:55.401 DEBUG 3920 --- [http-nio-8080-exec-2] c.e.d.m.FactoryMapper.selectFactoryPage  : ==>  Preparing: select * from factory where client_id=? LIMIT ? 
2021-05-16 17:16:55.402 DEBUG 3920 --- [http-nio-8080-exec-2] c.e.d.m.FactoryMapper.selectFactoryPage  : ==> Parameters: 3(Integer), 5(Integer)
2021-05-16 17:16:55.404 DEBUG 3920 --- [http-nio-8080-exec-2] c.e.d.m.FactoryMapper.selectFactoryPage  : <==      Total: 5
2021-05-16 17:16:57.476 DEBUG 3920 --- [http-nio-8080-exec-9] c.e.d.m.D.getDeviceByFacIdOnPage_COUNT   : ==>  Preparing: SELECT count(0) FROM bishe.device_manage WHERE fac_id = ? 
2021-05-16 17:16:57.476 DEBUG 3920 --- [http-nio-8080-exec-9] c.e.d.m.D.getDeviceByFacIdOnPage_COUNT   : ==> Parameters: 1(Integer)
2021-05-16 17:16:57.477 DEBUG 3920 --- [http-nio-8080-exec-9] c.e.d.m.D.getDeviceByFacIdOnPage_COUNT   : <==      Total: 1
2021-05-16 17:16:57.477 DEBUG 3920 --- [http-nio-8080-exec-9] c.e.d.m.D.getDeviceByFacIdOnPage         : ==>  Preparing: select * from bishe.device_manage where fac_id=? LIMIT ? 
2021-05-16 17:16:57.477 DEBUG 3920 --- [http-nio-8080-exec-9] c.e.d.m.D.getDeviceByFacIdOnPage         : ==> Parameters: 1(Integer), 3(Integer)
2021-05-16 17:16:57.479 DEBUG 3920 --- [http-nio-8080-exec-9] c.e.d.m.D.getDeviceByFacIdOnPage         : <==      Total: 2
2021-05-16 17:17:23.696  INFO 3920 --- [RMI TCP Connection(6)-127.0.0.1] inMXBeanRegistrar$SpringApplicationAdmin : Application shutdown requested.
2021-05-16 17:17:23.721  INFO 3920 --- [RMI TCP Connection(6)-127.0.0.1] o.s.s.concurrent.ThreadPoolTaskExecutor  : Shutting down ExecutorService 'applicationTaskExecutor'
2021-05-16 17:17:23.834  INFO 3920 --- [RMI TCP Connection(6)-127.0.0.1] com.zaxxer.hikari.HikariDataSource       : HikariPool-1 - Shutdown initiated...
2021-05-16 17:17:23.841  INFO 3920 --- [RMI TCP Connection(6)-127.0.0.1] com.zaxxer.hikari.HikariDataSource       : HikariPool-1 - Shutdown completed.
2021-05-16 17:17:55.600  INFO 5664 --- [main] c.e.demo.IntelligentManagerApplication   : Starting IntelligentManagerApplication using Java 14.0.2 on DESKTOP-CIV0KT9 with PID 5664 (C:\Projects\javaweb\IntelligentManager\target\classes started by wr568 in C:\Projects\javaweb\IntelligentManager)
2021-05-16 17:17:55.602  INFO 5664 --- [main] c.e.demo.IntelligentManagerApplication   : No active profile set, falling back to default profiles: default
2021-05-16 17:17:56.075  INFO 5664 --- [main] .s.d.r.c.RepositoryConfigurationDelegate : Multiple Spring Data modules found, entering strict repository configuration mode!
2021-05-16 17:17:56.077  INFO 5664 --- [main] .s.d.r.c.RepositoryConfigurationDelegate : Bootstrapping Spring Data Redis repositories in DEFAULT mode.
2021-05-16 17:17:56.096  INFO 5664 --- [main] .s.d.r.c.RepositoryConfigurationDelegate : Finished Spring Data repository scanning in 9 ms. Found 0 Redis repository interfaces.
2021-05-16 17:17:56.564  INFO 5664 --- [main] o.s.b.w.embedded.tomcat.TomcatWebServer  : Tomcat initialized with port(s): 8080 (http)
2021-05-16 17:17:56.572  INFO 5664 --- [main] o.apache.catalina.core.StandardService   : Starting service [Tomcat]
2021-05-16 17:17:56.573  INFO 5664 --- [main] org.apache.catalina.core.StandardEngine  : Starting Servlet engine: [Apache Tomcat/9.0.43]
2021-05-16 17:17:56.574  INFO 5664 --- [main] o.a.catalina.core.AprLifecycleListener   : Loaded Apache Tomcat Native library [1.2.25] using APR version [1.7.0].
2021-05-16 17:17:56.574  INFO 5664 --- [main] o.a.catalina.core.AprLifecycleListener   : APR capabilities: IPv6 [true], sendfile [true], accept filters [false], random [true].
2021-05-16 17:17:56.574  INFO 5664 --- [main] o.a.catalina.core.AprLifecycleListener   : APR/OpenSSL configuration: useAprConnector [false], useOpenSSL [true]
2021-05-16 17:17:56.577  INFO 5664 --- [main] o.a.catalina.core.AprLifecycleListener   : OpenSSL successfully initialized [OpenSSL 1.1.1g  21 Apr 2020]
2021-05-16 17:17:56.643  INFO 5664 --- [main] o.a.c.c.C.[Tomcat].[localhost].[/]       : Initializing Spring embedded WebApplicationContext
2021-05-16 17:17:56.644  INFO 5664 --- [main] w.s.c.ServletWebServerApplicationContext : Root WebApplicationContext: initialization completed in 1004 ms
2021-05-16 17:17:57.224  INFO 5664 --- [main] o.s.s.concurrent.ThreadPoolTaskExecutor  : Initializing ExecutorService 'applicationTaskExecutor'
2021-05-16 17:17:57.293  INFO 5664 --- [main] o.s.b.a.w.s.WelcomePageHandlerMapping    : Adding welcome page: class path resource [static/index.html]
2021-05-16 17:17:57.503  INFO 5664 --- [main] o.s.b.w.embedded.tomcat.TomcatWebServer  : Tomcat started on port(s): 8080 (http) with context path ''
2021-05-16 17:17:57.511  INFO 5664 --- [main] c.e.demo.IntelligentManagerApplication   : Started IntelligentManagerApplication in 2.197 seconds (JVM running for 2.746)
2021-05-16 17:18:02.072  INFO 5664 --- [http-nio-8080-exec-1] o.a.c.c.C.[Tomcat].[localhost].[/]       : Initializing Spring DispatcherServlet 'dispatcherServlet'
2021-05-16 17:18:02.074  INFO 5664 --- [http-nio-8080-exec-1] o.s.web.servlet.DispatcherServlet        : Initializing Servlet 'dispatcherServlet'
2021-05-16 17:18:02.075  INFO 5664 --- [http-nio-8080-exec-1] o.s.web.servlet.DispatcherServlet        : Completed initialization in 1 ms
2021-05-16 17:18:07.998  INFO 5664 --- [http-nio-8080-exec-6] com.zaxxer.hikari.HikariDataSource       : HikariPool-1 - Starting...
2021-05-16 17:18:08.321  INFO 5664 --- [http-nio-8080-exec-6] com.zaxxer.hikari.HikariDataSource       : HikariPool-1 - Start completed.
2021-05-16 17:18:08.329 DEBUG 5664 --- [http-nio-8080-exec-6] c.e.d.mapper.UserMapper.getUserByName    : ==>  Preparing: select * from user where username=? 
2021-05-16 17:18:08.359 DEBUG 5664 --- [http-nio-8080-exec-6] c.e.d.mapper.UserMapper.getUserByName    : ==> Parameters: user123(String)
2021-05-16 17:18:08.385 DEBUG 5664 --- [http-nio-8080-exec-6] c.e.d.mapper.UserMapper.getUserByName    : <==      Total: 1
2021-05-16 17:18:09.277 DEBUG 5664 --- [http-nio-8080-exec-7] c.e.d.m.F.selectFactoryPage_COUNT        : ==>  Preparing: SELECT count(0) FROM factory WHERE client_id = ? 
2021-05-16 17:18:09.277 DEBUG 5664 --- [http-nio-8080-exec-7] c.e.d.m.F.selectFactoryPage_COUNT        : ==> Parameters: 3(Integer)
2021-05-16 17:18:09.280 DEBUG 5664 --- [http-nio-8080-exec-7] c.e.d.m.F.selectFactoryPage_COUNT        : <==      Total: 1
2021-05-16 17:18:09.282 DEBUG 5664 --- [http-nio-8080-exec-7] c.e.d.m.FactoryMapper.selectFactoryPage  : ==>  Preparing: select * from factory where client_id=? LIMIT ? 
2021-05-16 17:18:09.283 DEBUG 5664 --- [http-nio-8080-exec-7] c.e.d.m.FactoryMapper.selectFactoryPage  : ==> Parameters: 3(Integer), 5(Integer)
2021-05-16 17:18:09.285 DEBUG 5664 --- [http-nio-8080-exec-7] c.e.d.m.FactoryMapper.selectFactoryPage  : <==      Total: 5
2021-05-16 17:18:10.634 DEBUG 5664 --- [http-nio-8080-exec-9] c.e.d.m.D.getDeviceByFacIdOnPage_COUNT   : ==>  Preparing: SELECT count(0) FROM bishe.device_manage WHERE fac_id = ? 
2021-05-16 17:18:10.635 DEBUG 5664 --- [http-nio-8080-exec-9] c.e.d.m.D.getDeviceByFacIdOnPage_COUNT   : ==> Parameters: 1(Integer)
2021-05-16 17:18:10.635 DEBUG 5664 --- [http-nio-8080-exec-9] c.e.d.m.D.getDeviceByFacIdOnPage_COUNT   : <==      Total: 1
2021-05-16 17:18:10.637 DEBUG 5664 --- [http-nio-8080-exec-9] c.e.d.m.D.getDeviceByFacIdOnPage         : ==>  Preparing: select * from bishe.device_manage where fac_id=? LIMIT ? 
2021-05-16 17:18:10.637 DEBUG 5664 --- [http-nio-8080-exec-9] c.e.d.m.D.getDeviceByFacIdOnPage         : ==> Parameters: 1(Integer), 3(Integer)
2021-05-16 17:18:10.640 DEBUG 5664 --- [http-nio-8080-exec-9] c.e.d.m.D.getDeviceByFacIdOnPage         : <==      Total: 2
2021-05-16 17:18:20.526  INFO 5664 --- [RMI TCP Connection(2)-127.0.0.1] inMXBeanRegistrar$SpringApplicationAdmin : Application shutdown requested.
2021-05-16 17:18:20.548  INFO 5664 --- [RMI TCP Connection(2)-127.0.0.1] o.s.s.concurrent.ThreadPoolTaskExecutor  : Shutting down ExecutorService 'applicationTaskExecutor'
2021-05-16 17:18:20.677  INFO 5664 --- [RMI TCP Connection(2)-127.0.0.1] com.zaxxer.hikari.HikariDataSource       : HikariPool-1 - Shutdown initiated...
2021-05-16 17:18:20.687  INFO 5664 --- [RMI TCP Connection(2)-127.0.0.1] com.zaxxer.hikari.HikariDataSource       : HikariPool-1 - Shutdown completed.
